<?xml version="1.0" encoding="UTF-8"?>
<!-- Generated by org.testng.reporters.JUnitReportReporter -->
<testsuite hostname="DESKTOP-1QBSVOI" failures="0" tests="1" name="RestAssuredProject.RestAssuredProject.Tests_POST" time="2.585" errors="0" timestamp="2022-05-31T10:36:47 PDT" skipped="0">
  <testcase classname="RestAssuredProject.RestAssuredProject.Tests_POST" name="test_04_delete" time="2.585"/>
  <system-out/>
</testsuite> <!-- RestAssuredProject.RestAssuredProject.Tests_POST -->
