<?xml version="1.0" encoding="UTF-8"?>
<!-- Generated by org.testng.reporters.JUnitReportReporter -->
<testsuite hostname="DESKTOP-1QBSVOI" failures="0" tests="2" name="RestAssuredProject.RestAssuredProject.Test01_GET" time="3.522" errors="0" timestamp="2022-05-31T08:29:13 PDT" skipped="0">
  <testcase classname="RestAssuredProject.RestAssuredProject.Test01_GET" name="test_02" time="1.127"/>
  <system-out/>
  <testcase classname="RestAssuredProject.RestAssuredProject.Test01_GET" name="test_01" time="2.395"/>
  <system-out/>
</testsuite> <!-- RestAssuredProject.RestAssuredProject.Test01_GET -->
