<?xml version="1.0" encoding="UTF-8"?>
<!-- Generated by org.testng.reporters.JUnitReportReporter -->
<testsuite hostname="DESKTOP-1QBSVOI" failures="0" tests="1" name="RestAssuredProject.RestAssuredProject.Examples" time="2.018" errors="0" timestamp="2022-05-31T20:05:41 PDT" skipped="0">
  <testcase classname="RestAssuredProject.RestAssuredProject.Examples" name="test_put" time="2.018"/>
  <system-out/>
</testsuite> <!-- RestAssuredProject.RestAssuredProject.Examples -->
